Splunk Notification
Wed Jan 24 15:23:45 ICT 2018 : 1st Upload
Wed Jan 24 15:24:29 ICT 2018 : 2nd Upload
Wed Jan 24 15:25:44 ICT 2018 : 3rd Upload
Wed Jan 24 15:42:53 ICT 2018 : WebSphere Alert Detected
Wed Jan 24 15:55:03 ICT 2018 : WebSphere Alert Detected
Wed Jan 24 16:00:04 ICT 2018 : WebSphere Alert Detected
Wed Jan 24 16:05:03 ICT 2018 : WebSphere Alert Detected
Wed Jan 24 16:10:03 ICT 2018 : WebSphere Alert Detected
Wed Jan 24 16:15:03 ICT 2018 : WebSphere Alert Detected
Wed Jan 24 16:20:04 ICT 2018 : AS/400 Alert Detected. Please see more details in Splunk following : http://splunk.aig.co.th/en-GB/app/dcs_poc_app/alert?s=%2FservicesNS%2Fadmin%2Fdcs_poc_app%2Fsaved%2Fsearches%2FAS%25252F400%2520Alert%2520Detected
Wed Jan 24 16:20:04 ICT 2018 : WebSphere Alert Detected. Please see more details in Splunk following : http://splunk.aig.co.th/en-GB/app/dcs_poc_app/alert?s=%2FservicesNS%2Fadmin%2Fdcs_poc_app%2Fsaved%2Fsearches%2FWebSphere%2520Application%2520Server%2520Alert%2520Detected
Wed Jan 24 16:25:03 ICT 2018 : WebSphere Alert Detected. Please see more details in Splunk following : http://splunk.aig.co.th/en-GB/app/dcs_poc_app/alert?s=%2FservicesNS%2Fadmin%2Fdcs_poc_app%2Fsaved%2Fsearches%2FWebSphere%2520Application%2520Server%2520Alert%2520Detected
Wed Jan 24 16:25:04 ICT 2018 : AS/400 Alert Detected. Please see more details in Splunk following : http://splunk.aig.co.th/en-GB/app/dcs_poc_app/alert?s=%2FservicesNS%2Fadmin%2Fdcs_poc_app%2Fsaved%2Fsearches%2FAS%25252F400%2520Alert%2520Detected
Wed Jan 24 16:30:04 ICT 2018 : AS/400 Alert Detected. Please see more details in Splunk following : http://splunk.aig.co.th/en-GB/app/dcs_poc_app/alert?s=%2FservicesNS%2Fadmin%2Fdcs_poc_app%2Fsaved%2Fsearches%2FAS%25252F400%2520Alert%2520Detected
Wed Jan 24 16:30:04 ICT 2018 : WebSphere Alert Detected. Please see more details in Splunk following : http://splunk.aig.co.th/en-GB/app/dcs_poc_app/alert?s=%2FservicesNS%2Fadmin%2Fdcs_poc_app%2Fsaved%2Fsearches%2FWebSphere%2520Application%2520Server%2520Alert%2520Detected
Wed Jan 24 16:35:04 ICT 2018 : AS/400 Alert Detected. Please see more details in Splunk following : http://splunk.aig.co.th/en-GB/app/dcs_poc_app/alert?s=%2FservicesNS%2Fadmin%2Fdcs_poc_app%2Fsaved%2Fsearches%2FAS%25252F400%2520Alert%2520Detected
Wed Jan 24 16:35:04 ICT 2018 : WebSphere Alert Detected. Please see more details in Splunk following : http://splunk.aig.co.th/en-GB/app/dcs_poc_app/alert?s=%2FservicesNS%2Fadmin%2Fdcs_poc_app%2Fsaved%2Fsearches%2FWebSphere%2520Application%2520Server%2520Alert%2520Detected
Wed Jan 24 16:40:05 ICT 2018 : AS/400 Alert Detected. Please see more details in Splunk following : http://splunk.aig.co.th/en-GB/app/dcs_poc_app/alert?s=%2FservicesNS%2Fadmin%2Fdcs_poc_app%2Fsaved%2Fsearches%2FAS%25252F400%2520Alert%2520Detected
Wed Jan 24 16:40:05 ICT 2018 : WebSphere Alert Detected. Please see more details in Splunk following : http://splunk.aig.co.th/en-GB/app/dcs_poc_app/alert?s=%2FservicesNS%2Fadmin%2Fdcs_poc_app%2Fsaved%2Fsearches%2FWebSphere%2520Application%2520Server%2520Alert%2520Detected
Wed Jan 24 16:45:02 ICT 2018 : WebSphere Alert Detected. Please see more details in Splunk following : http://splunk.aig.co.th/en-GB/app/dcs_poc_app/alert?s=%2FservicesNS%2Fadmin%2Fdcs_poc_app%2Fsaved%2Fsearches%2FWebSphere%2520Application%2520Server%2520Alert%2520Detected
Wed Jan 24 16:48:01 ICT 2018 : AS/400 Alert Detected. Please see more details in Splunk following : http://splunk.aig.co.th/en-GB/app/dcs_poc_app/alert?s=%2FservicesNS%2Fadmin%2Fdcs_poc_app%2Fsaved%2Fsearches%2FAS%25252F400%2520Alert%2520Detected
Wed Jan 24 16:50:04 ICT 2018 : WebSphere Alert Detected. Please see more details in Splunk following : http://splunk.aig.co.th/en-GB/app/dcs_poc_app/alert?s=%2FservicesNS%2Fadmin%2Fdcs_poc_app%2Fsaved%2Fsearches%2FWebSphere%2520Application%2520Server%2520Alert%2520Detected
Wed Jan 24 16:54:02 ICT 2018 : AS/400 Alert Detected. Please see more details in Splunk following : http://splunk.aig.co.th/en-GB/app/dcs_poc_app/alert?s=%2FservicesNS%2Fadmin%2Fdcs_poc_app%2Fsaved%2Fsearches%2FAS%25252F400%2520Alert%2520Detected
Wed Jan 24 16:55:03 ICT 2018 : WebSphere Alert Detected. Please see more details in Splunk following : http://splunk.aig.co.th/en-GB/app/dcs_poc_app/alert?s=%2FservicesNS%2Fadmin%2Fdcs_poc_app%2Fsaved%2Fsearches%2FWebSphere%2520Application%2520Server%2520Alert%2520Detected
Wed Jan 24 17:00:05 ICT 2018 : WebSphere Alert Detected. Please see more details in Splunk following : http://splunk.aig.co.th/en-GB/app/dcs_poc_app/alert?s=%2FservicesNS%2Fadmin%2Fdcs_poc_app%2Fsaved%2Fsearches%2FWebSphere%2520Application%2520Server%2520Alert%2520Detected
Wed Jan 24 17:00:05 ICT 2018 : AS/400 Alert Detected. Please see more details in Splunk following : http://splunk.aig.co.th/en-GB/app/dcs_poc_app/alert?s=%2FservicesNS%2Fadmin%2Fdcs_poc_app%2Fsaved%2Fsearches%2FAS%25252F400%2520Alert%2520Detected
Wed Jan 24 17:05:03 ICT 2018 : WebSphere Alert Detected. Please see more details in Splunk following : http://splunk.aig.co.th/en-GB/app/dcs_poc_app/alert?s=%2FservicesNS%2Fadmin%2Fdcs_poc_app%2Fsaved%2Fsearches%2FWebSphere%2520Application%2520Server%2520Alert%2520Detected
Wed Jan 24 17:06:01 ICT 2018 : AS/400 Alert Detected. Please see more details in Splunk following : http://splunk.aig.co.th/en-GB/app/dcs_poc_app/alert?s=%2FservicesNS%2Fadmin%2Fdcs_poc_app%2Fsaved%2Fsearches%2FAS%25252F400%2520Alert%2520Detected
Wed Jan 24 17:10:03 ICT 2018 : WebSphere Alert Detected. Please see more details in Splunk following : http://splunk.aig.co.th/en-GB/app/dcs_poc_app/alert?s=%2FservicesNS%2Fadmin%2Fdcs_poc_app%2Fsaved%2Fsearches%2FWebSphere%2520Application%2520Server%2520Alert%2520Detected
Wed Jan 24 17:12:01 ICT 2018 : AS/400 Alert Detected. Please see more details in Splunk following : http://splunk.aig.co.th/en-GB/app/dcs_poc_app/alert?s=%2FservicesNS%2Fadmin%2Fdcs_poc_app%2Fsaved%2Fsearches%2FAS%25252F400%2520Alert%2520Detected
Wed Jan 24 17:15:04 ICT 2018 : WebSphere Alert Detected. Please see more details in Splunk following : http://splunk.aig.co.th/en-GB/app/dcs_poc_app/alert?s=%2FservicesNS%2Fadmin%2Fdcs_poc_app%2Fsaved%2Fsearches%2FWebSphere%2520Application%2520Server%2520Alert%2520Detected
Wed Jan 24 17:18:01 ICT 2018 : AS/400 Alert Detected. Please see more details in Splunk following : http://splunk.aig.co.th/en-GB/app/dcs_poc_app/alert?s=%2FservicesNS%2Fadmin%2Fdcs_poc_app%2Fsaved%2Fsearches%2FAS%25252F400%2520Alert%2520Detected
Wed Jan 24 17:20:03 ICT 2018 : WebSphere Alert Detected. Please see more details in Splunk following : http://splunk.aig.co.th/en-GB/app/dcs_poc_app/alert?s=%2FservicesNS%2Fadmin%2Fdcs_poc_app%2Fsaved%2Fsearches%2FWebSphere%2520Application%2520Server%2520Alert%2520Detected
Wed Jan 24 17:24:01 ICT 2018 : AS/400 Alert Detected. Please see more details in Splunk following : http://splunk.aig.co.th/en-GB/app/dcs_poc_app/alert?s=%2FservicesNS%2Fadmin%2Fdcs_poc_app%2Fsaved%2Fsearches%2FAS%25252F400%2520Alert%2520Detected
Wed Jan 24 17:25:03 ICT 2018 : WebSphere Alert Detected. Please see more details in Splunk following : http://splunk.aig.co.th/en-GB/app/dcs_poc_app/alert?s=%2FservicesNS%2Fadmin%2Fdcs_poc_app%2Fsaved%2Fsearches%2FWebSphere%2520Application%2520Server%2520Alert%2520Detected
Wed Jan 24 17:30:04 ICT 2018 : WebSphere Alert Detected. Please see more details in Splunk following : http://splunk.aig.co.th/en-GB/app/dcs_poc_app/alert?s=%2FservicesNS%2Fadmin%2Fdcs_poc_app%2Fsaved%2Fsearches%2FWebSphere%2520Application%2520Server%2520Alert%2520Detected
Wed Jan 24 17:30:04 ICT 2018 : AS/400 Alert Detected. Please see more details in Splunk following : http://splunk.aig.co.th/en-GB/app/dcs_poc_app/alert?s=%2FservicesNS%2Fadmin%2Fdcs_poc_app%2Fsaved%2Fsearches%2FAS%25252F400%2520Alert%2520Detected
Wed Jan 24 17:35:03 ICT 2018 : WebSphere Alert Detected. Please see more details in Splunk following : http://splunk.aig.co.th/en-GB/app/dcs_poc_app/alert?s=%2FservicesNS%2Fadmin%2Fdcs_poc_app%2Fsaved%2Fsearches%2FWebSphere%2520Application%2520Server%2520Alert%2520Detected
Wed Jan 24 17:36:02 ICT 2018 : AS/400 Alert Detected. Please see more details in Splunk following : http://splunk.aig.co.th/en-GB/app/dcs_poc_app/alert?s=%2FservicesNS%2Fadmin%2Fdcs_poc_app%2Fsaved%2Fsearches%2FAS%25252F400%2520Alert%2520Detected
Wed Jan 24 17:40:04 ICT 2018 : WebSphere Alert Detected. Please see more details in Splunk following : http://splunk.aig.co.th/en-GB/app/dcs_poc_app/alert?s=%2FservicesNS%2Fadmin%2Fdcs_poc_app%2Fsaved%2Fsearches%2FWebSphere%2520Application%2520Server%2520Alert%2520Detected
Wed Jan 24 17:42:02 ICT 2018 : AS/400 Alert Detected. Please see more details in Splunk following : http://splunk.aig.co.th/en-GB/app/dcs_poc_app/alert?s=%2FservicesNS%2Fadmin%2Fdcs_poc_app%2Fsaved%2Fsearches%2FAS%25252F400%2520Alert%2520Detected
Wed Jan 24 17:45:03 ICT 2018 : WebSphere Alert Detected. Please see more details in Splunk following : http://splunk.aig.co.th/en-GB/app/dcs_poc_app/alert?s=%2FservicesNS%2Fadmin%2Fdcs_poc_app%2Fsaved%2Fsearches%2FWebSphere%2520Application%2520Server%2520Alert%2520Detected
Wed Jan 24 17:48:02 ICT 2018 : AS/400 Alert Detected. Please see more details in Splunk following : http://splunk.aig.co.th/en-GB/app/dcs_poc_app/alert?s=%2FservicesNS%2Fadmin%2Fdcs_poc_app%2Fsaved%2Fsearches%2FAS%25252F400%2520Alert%2520Detected
Wed Jan 24 17:50:03 ICT 2018 : WebSphere Alert Detected. Please see more details in Splunk following : http://splunk.aig.co.th/en-GB/app/dcs_poc_app/alert?s=%2FservicesNS%2Fadmin%2Fdcs_poc_app%2Fsaved%2Fsearches%2FWebSphere%2520Application%2520Server%2520Alert%2520Detected
Wed Jan 24 17:54:02 ICT 2018 : AS/400 Alert Detected. Please see more details in Splunk following : http://splunk.aig.co.th/en-GB/app/dcs_poc_app/alert?s=%2FservicesNS%2Fadmin%2Fdcs_poc_app%2Fsaved%2Fsearches%2FAS%25252F400%2520Alert%2520Detected
Wed Jan 24 17:55:04 ICT 2018 : WebSphere Alert Detected. Please see more details in Splunk following : http://splunk.aig.co.th/en-GB/app/dcs_poc_app/alert?s=%2FservicesNS%2Fadmin%2Fdcs_poc_app%2Fsaved%2Fsearches%2FWebSphere%2520Application%2520Server%2520Alert%2520Detected
Wed Jan 24 18:00:05 ICT 2018 : AS/400 Alert Detected. Please see more details in Splunk following : http://splunk.aig.co.th/en-GB/app/dcs_poc_app/alert?s=%2FservicesNS%2Fadmin%2Fdcs_poc_app%2Fsaved%2Fsearches%2FAS%25252F400%2520Alert%2520Detected
Wed Jan 24 18:00:05 ICT 2018 : WebSphere Alert Detected. Please see more details in Splunk following : http://splunk.aig.co.th/en-GB/app/dcs_poc_app/alert?s=%2FservicesNS%2Fadmin%2Fdcs_poc_app%2Fsaved%2Fsearches%2FWebSphere%2520Application%2520Server%2520Alert%2520Detected
Wed Jan 24 18:05:04 ICT 2018 : WebSphere Alert Detected. Please see more details in Splunk following : http://splunk.aig.co.th/en-GB/app/dcs_poc_app/alert?s=%2FservicesNS%2Fadmin%2Fdcs_poc_app%2Fsaved%2Fsearches%2FWebSphere%2520Application%2520Server%2520Alert%2520Detected
Wed Jan 24 18:06:02 ICT 2018 : AS/400 Alert Detected. Please see more details in Splunk following : http://splunk.aig.co.th/en-GB/app/dcs_poc_app/alert?s=%2FservicesNS%2Fadmin%2Fdcs_poc_app%2Fsaved%2Fsearches%2FAS%25252F400%2520Alert%2520Detected
Wed Jan 24 18:10:04 ICT 2018 : WebSphere Alert Detected. Please see more details in Splunk following : http://splunk.aig.co.th/en-GB/app/dcs_poc_app/alert?s=%2FservicesNS%2Fadmin%2Fdcs_poc_app%2Fsaved%2Fsearches%2FWebSphere%2520Application%2520Server%2520Alert%2520Detected
Wed Jan 24 18:12:01 ICT 2018 : AS/400 Alert Detected. Please see more details in Splunk following : http://splunk.aig.co.th/en-GB/app/dcs_poc_app/alert?s=%2FservicesNS%2Fadmin%2Fdcs_poc_app%2Fsaved%2Fsearches%2FAS%25252F400%2520Alert%2520Detected
Wed Jan 24 18:15:03 ICT 2018 : WebSphere Alert Detected. Please see more details in Splunk following : http://splunk.aig.co.th/en-GB/app/dcs_poc_app/alert?s=%2FservicesNS%2Fadmin%2Fdcs_poc_app%2Fsaved%2Fsearches%2FWebSphere%2520Application%2520Server%2520Alert%2520Detected
Wed Jan 24 18:18:01 ICT 2018 : AS/400 Alert Detected. Please see more details in Splunk following : http://splunk.aig.co.th/en-GB/app/dcs_poc_app/alert?s=%2FservicesNS%2Fadmin%2Fdcs_poc_app%2Fsaved%2Fsearches%2FAS%25252F400%2520Alert%2520Detected
Wed Jan 24 18:20:04 ICT 2018 : WebSphere Alert Detected. Please see more details in Splunk following : http://splunk.aig.co.th/en-GB/app/dcs_poc_app/alert?s=%2FservicesNS%2Fadmin%2Fdcs_poc_app%2Fsaved%2Fsearches%2FWebSphere%2520Application%2520Server%2520Alert%2520Detected
Wed Jan 24 18:24:02 ICT 2018 : AS/400 Alert Detected. Please see more details in Splunk following : http://splunk.aig.co.th/en-GB/app/dcs_poc_app/alert?s=%2FservicesNS%2Fadmin%2Fdcs_poc_app%2Fsaved%2Fsearches%2FAS%25252F400%2520Alert%2520Detected
Wed Jan 24 18:25:03 ICT 2018 : WebSphere Alert Detected. Please see more details in Splunk following : http://splunk.aig.co.th/en-GB/app/dcs_poc_app/alert?s=%2FservicesNS%2Fadmin%2Fdcs_poc_app%2Fsaved%2Fsearches%2FWebSphere%2520Application%2520Server%2520Alert%2520Detected
Wed Jan 24 18:30:04 ICT 2018 : AS/400 Alert Detected. Please see more details in Splunk following : http://splunk.aig.co.th/en-GB/app/dcs_poc_app/alert?s=%2FservicesNS%2Fadmin%2Fdcs_poc_app%2Fsaved%2Fsearches%2FAS%25252F400%2520Alert%2520Detected
Wed Jan 24 18:30:04 ICT 2018 : WebSphere Alert Detected. Please see more details in Splunk following : http://splunk.aig.co.th/en-GB/app/dcs_poc_app/alert?s=%2FservicesNS%2Fadmin%2Fdcs_poc_app%2Fsaved%2Fsearches%2FWebSphere%2520Application%2520Server%2520Alert%2520Detected
Wed Jan 24 18:35:03 ICT 2018 : WebSphere Alert Detected. Please see more details in Splunk following : http://splunk.aig.co.th/en-GB/app/dcs_poc_app/alert?s=%2FservicesNS%2Fadmin%2Fdcs_poc_app%2Fsaved%2Fsearches%2FWebSphere%2520Application%2520Server%2520Alert%2520Detected
Wed Jan 24 18:36:02 ICT 2018 : AS/400 Alert Detected. Please see more details in Splunk following : http://splunk.aig.co.th/en-GB/app/dcs_poc_app/alert?s=%2FservicesNS%2Fadmin%2Fdcs_poc_app%2Fsaved%2Fsearches%2FAS%25252F400%2520Alert%2520Detected
Wed Jan 24 18:40:04 ICT 2018 : WebSphere Alert Detected. Please see more details in Splunk following : http://splunk.aig.co.th/en-GB/app/dcs_poc_app/alert?s=%2FservicesNS%2Fadmin%2Fdcs_poc_app%2Fsaved%2Fsearches%2FWebSphere%2520Application%2520Server%2520Alert%2520Detected
Wed Jan 24 18:42:02 ICT 2018 : AS/400 Alert Detected. Please see more details in Splunk following : http://splunk.aig.co.th/en-GB/app/dcs_poc_app/alert?s=%2FservicesNS%2Fadmin%2Fdcs_poc_app%2Fsaved%2Fsearches%2FAS%25252F400%2520Alert%2520Detected
Wed Jan 24 18:45:02 ICT 2018 : WebSphere Alert Detected. Please see more details in Splunk following : http://splunk.aig.co.th/en-GB/app/dcs_poc_app/alert?s=%2FservicesNS%2Fadmin%2Fdcs_poc_app%2Fsaved%2Fsearches%2FWebSphere%2520Application%2520Server%2520Alert%2520Detected
Wed Jan 24 18:48:02 ICT 2018 : AS/400 Alert Detected. Please see more details in Splunk following : http://splunk.aig.co.th/en-GB/app/dcs_poc_app/alert?s=%2FservicesNS%2Fadmin%2Fdcs_poc_app%2Fsaved%2Fsearches%2FAS%25252F400%2520Alert%2520Detected
Wed Jan 24 18:50:04 ICT 2018 : WebSphere Alert Detected. Please see more details in Splunk following : http://splunk.aig.co.th/en-GB/app/dcs_poc_app/alert?s=%2FservicesNS%2Fadmin%2Fdcs_poc_app%2Fsaved%2Fsearches%2FWebSphere%2520Application%2520Server%2520Alert%2520Detected
Wed Jan 24 18:54:01 ICT 2018 : AS/400 Alert Detected. Please see more details in Splunk following : http://splunk.aig.co.th/en-GB/app/dcs_poc_app/alert?s=%2FservicesNS%2Fadmin%2Fdcs_poc_app%2Fsaved%2Fsearches%2FAS%25252F400%2520Alert%2520Detected
Wed Jan 24 18:55:03 ICT 2018 : WebSphere Alert Detected. Please see more details in Splunk following : http://splunk.aig.co.th/en-GB/app/dcs_poc_app/alert?s=%2FservicesNS%2Fadmin%2Fdcs_poc_app%2Fsaved%2Fsearches%2FWebSphere%2520Application%2520Server%2520Alert%2520Detected
Wed Jan 24 19:00:04 ICT 2018 : WebSphere Alert Detected. Please see more details in Splunk following : http://splunk.aig.co.th/en-GB/app/dcs_poc_app/alert?s=%2FservicesNS%2Fadmin%2Fdcs_poc_app%2Fsaved%2Fsearches%2FWebSphere%2520Application%2520Server%2520Alert%2520Detected
Wed Jan 24 19:00:05 ICT 2018 : AS/400 Alert Detected. Please see more details in Splunk following : http://splunk.aig.co.th/en-GB/app/dcs_poc_app/alert?s=%2FservicesNS%2Fadmin%2Fdcs_poc_app%2Fsaved%2Fsearches%2FAS%25252F400%2520Alert%2520Detected
Wed Jan 24 19:05:03 ICT 2018 : WebSphere Alert Detected. Please see more details in Splunk following : http://splunk.aig.co.th/en-GB/app/dcs_poc_app/alert?s=%2FservicesNS%2Fadmin%2Fdcs_poc_app%2Fsaved%2Fsearches%2FWebSphere%2520Application%2520Server%2520Alert%2520Detected
Wed Jan 24 19:06:02 ICT 2018 : AS/400 Alert Detected. Please see more details in Splunk following : http://splunk.aig.co.th/en-GB/app/dcs_poc_app/alert?s=%2FservicesNS%2Fadmin%2Fdcs_poc_app%2Fsaved%2Fsearches%2FAS%25252F400%2520Alert%2520Detected
Wed Jan 24 19:10:03 ICT 2018 : WebSphere Alert Detected. Please see more details in Splunk following : http://splunk.aig.co.th/en-GB/app/dcs_poc_app/alert?s=%2FservicesNS%2Fadmin%2Fdcs_poc_app%2Fsaved%2Fsearches%2FWebSphere%2520Application%2520Server%2520Alert%2520Detected
Wed Jan 24 19:12:01 ICT 2018 : AS/400 Alert Detected. Please see more details in Splunk following : http://splunk.aig.co.th/en-GB/app/dcs_poc_app/alert?s=%2FservicesNS%2Fadmin%2Fdcs_poc_app%2Fsaved%2Fsearches%2FAS%25252F400%2520Alert%2520Detected
Wed Jan 24 19:15:03 ICT 2018 : WebSphere Alert Detected. Please see more details in Splunk following : http://splunk.aig.co.th/en-GB/app/dcs_poc_app/alert?s=%2FservicesNS%2Fadmin%2Fdcs_poc_app%2Fsaved%2Fsearches%2FWebSphere%2520Application%2520Server%2520Alert%2520Detected
Wed Jan 24 19:18:02 ICT 2018 : AS/400 Alert Detected. Please see more details in Splunk following : http://splunk.aig.co.th/en-GB/app/dcs_poc_app/alert?s=%2FservicesNS%2Fadmin%2Fdcs_poc_app%2Fsaved%2Fsearches%2FAS%25252F400%2520Alert%2520Detected
Wed Jan 24 19:20:03 ICT 2018 : WebSphere Alert Detected. Please see more details in Splunk following : http://splunk.aig.co.th/en-GB/app/dcs_poc_app/alert?s=%2FservicesNS%2Fadmin%2Fdcs_poc_app%2Fsaved%2Fsearches%2FWebSphere%2520Application%2520Server%2520Alert%2520Detected
Wed Jan 24 19:24:02 ICT 2018 : AS/400 Alert Detected. Please see more details in Splunk following : http://splunk.aig.co.th/en-GB/app/dcs_poc_app/alert?s=%2FservicesNS%2Fadmin%2Fdcs_poc_app%2Fsaved%2Fsearches%2FAS%25252F400%2520Alert%2520Detected
Wed Jan 24 19:25:03 ICT 2018 : WebSphere Alert Detected. Please see more details in Splunk following : http://splunk.aig.co.th/en-GB/app/dcs_poc_app/alert?s=%2FservicesNS%2Fadmin%2Fdcs_poc_app%2Fsaved%2Fsearches%2FWebSphere%2520Application%2520Server%2520Alert%2520Detected
Wed Jan 24 19:30:03 ICT 2018 : AS/400 Alert Detected. Please see more details in Splunk following : http://splunk.aig.co.th/en-GB/app/dcs_poc_app/alert?s=%2FservicesNS%2Fadmin%2Fdcs_poc_app%2Fsaved%2Fsearches%2FAS%25252F400%2520Alert%2520Detected
Wed Jan 24 19:30:03 ICT 2018 : WebSphere Alert Detected. Please see more details in Splunk following : http://splunk.aig.co.th/en-GB/app/dcs_poc_app/alert?s=%2FservicesNS%2Fadmin%2Fdcs_poc_app%2Fsaved%2Fsearches%2FWebSphere%2520Application%2520Server%2520Alert%2520Detected
Wed Jan 24 19:35:03 ICT 2018 : WebSphere Alert Detected. Please see more details in Splunk following : http://splunk.aig.co.th/en-GB/app/dcs_poc_app/alert?s=%2FservicesNS%2Fadmin%2Fdcs_poc_app%2Fsaved%2Fsearches%2FWebSphere%2520Application%2520Server%2520Alert%2520Detected
Wed Jan 24 19:36:01 ICT 2018 : AS/400 Alert Detected. Please see more details in Splunk following : http://splunk.aig.co.th/en-GB/app/dcs_poc_app/alert?s=%2FservicesNS%2Fadmin%2Fdcs_poc_app%2Fsaved%2Fsearches%2FAS%25252F400%2520Alert%2520Detected
Wed Jan 24 19:40:04 ICT 2018 : WebSphere Alert Detected. Please see more details in Splunk following : http://splunk.aig.co.th/en-GB/app/dcs_poc_app/alert?s=%2FservicesNS%2Fadmin%2Fdcs_poc_app%2Fsaved%2Fsearches%2FWebSphere%2520Application%2520Server%2520Alert%2520Detected
Wed Jan 24 19:42:02 ICT 2018 : AS/400 Alert Detected. Please see more details in Splunk following : http://splunk.aig.co.th/en-GB/app/dcs_poc_app/alert?s=%2FservicesNS%2Fadmin%2Fdcs_poc_app%2Fsaved%2Fsearches%2FAS%25252F400%2520Alert%2520Detected
Wed Jan 24 19:45:03 ICT 2018 : WebSphere Alert Detected. Please see more details in Splunk following : http://splunk.aig.co.th/en-GB/app/dcs_poc_app/alert?s=%2FservicesNS%2Fadmin%2Fdcs_poc_app%2Fsaved%2Fsearches%2FWebSphere%2520Application%2520Server%2520Alert%2520Detected
Wed Jan 24 19:48:02 ICT 2018 : AS/400 Alert Detected. Please see more details in Splunk following : http://splunk.aig.co.th/en-GB/app/dcs_poc_app/alert?s=%2FservicesNS%2Fadmin%2Fdcs_poc_app%2Fsaved%2Fsearches%2FAS%25252F400%2520Alert%2520Detected
Wed Jan 24 19:50:04 ICT 2018 : WebSphere Alert Detected. Please see more details in Splunk following : http://splunk.aig.co.th/en-GB/app/dcs_poc_app/alert?s=%2FservicesNS%2Fadmin%2Fdcs_poc_app%2Fsaved%2Fsearches%2FWebSphere%2520Application%2520Server%2520Alert%2520Detected
Wed Jan 24 19:54:01 ICT 2018 : AS/400 Alert Detected. Please see more details in Splunk following : http://splunk.aig.co.th/en-GB/app/dcs_poc_app/alert?s=%2FservicesNS%2Fadmin%2Fdcs_poc_app%2Fsaved%2Fsearches%2FAS%25252F400%2520Alert%2520Detected
Wed Jan 24 19:55:03 ICT 2018 : WebSphere Alert Detected. Please see more details in Splunk following : http://splunk.aig.co.th/en-GB/app/dcs_poc_app/alert?s=%2FservicesNS%2Fadmin%2Fdcs_poc_app%2Fsaved%2Fsearches%2FWebSphere%2520Application%2520Server%2520Alert%2520Detected
Wed Jan 24 20:00:05 ICT 2018 : WebSphere Alert Detected. Please see more details in Splunk following : http://splunk.aig.co.th/en-GB/app/dcs_poc_app/alert?s=%2FservicesNS%2Fadmin%2Fdcs_poc_app%2Fsaved%2Fsearches%2FWebSphere%2520Application%2520Server%2520Alert%2520Detected
Wed Jan 24 20:00:05 ICT 2018 : AS/400 Alert Detected. Please see more details in Splunk following : http://splunk.aig.co.th/en-GB/app/dcs_poc_app/alert?s=%2FservicesNS%2Fadmin%2Fdcs_poc_app%2Fsaved%2Fsearches%2FAS%25252F400%2520Alert%2520Detected
Wed Jan 24 20:05:03 ICT 2018 : WebSphere Alert Detected. Please see more details in Splunk following : http://splunk.aig.co.th/en-GB/app/dcs_poc_app/alert?s=%2FservicesNS%2Fadmin%2Fdcs_poc_app%2Fsaved%2Fsearches%2FWebSphere%2520Application%2520Server%2520Alert%2520Detected
Wed Jan 24 20:06:01 ICT 2018 : AS/400 Alert Detected. Please see more details in Splunk following : http://splunk.aig.co.th/en-GB/app/dcs_poc_app/alert?s=%2FservicesNS%2Fadmin%2Fdcs_poc_app%2Fsaved%2Fsearches%2FAS%25252F400%2520Alert%2520Detected
Wed Jan 24 20:10:03 ICT 2018 : WebSphere Alert Detected. Please see more details in Splunk following : http://splunk.aig.co.th/en-GB/app/dcs_poc_app/alert?s=%2FservicesNS%2Fadmin%2Fdcs_poc_app%2Fsaved%2Fsearches%2FWebSphere%2520Application%2520Server%2520Alert%2520Detected
Wed Jan 24 20:12:01 ICT 2018 : AS/400 Alert Detected. Please see more details in Splunk following : http://splunk.aig.co.th/en-GB/app/dcs_poc_app/alert?s=%2FservicesNS%2Fadmin%2Fdcs_poc_app%2Fsaved%2Fsearches%2FAS%25252F400%2520Alert%2520Detected
Wed Jan 24 20:15:03 ICT 2018 : WebSphere Alert Detected. Please see more details in Splunk following : http://splunk.aig.co.th/en-GB/app/dcs_poc_app/alert?s=%2FservicesNS%2Fadmin%2Fdcs_poc_app%2Fsaved%2Fsearches%2FWebSphere%2520Application%2520Server%2520Alert%2520Detected
Wed Jan 24 20:18:02 ICT 2018 : AS/400 Alert Detected. Please see more details in Splunk following : http://splunk.aig.co.th/en-GB/app/dcs_poc_app/alert?s=%2FservicesNS%2Fadmin%2Fdcs_poc_app%2Fsaved%2Fsearches%2FAS%25252F400%2520Alert%2520Detected
Wed Jan 24 20:20:05 ICT 2018 : WebSphere Alert Detected. Please see more details in Splunk following : http://splunk.aig.co.th/en-GB/app/dcs_poc_app/alert?s=%2FservicesNS%2Fadmin%2Fdcs_poc_app%2Fsaved%2Fsearches%2FWebSphere%2520Application%2520Server%2520Alert%2520Detected
Wed Jan 24 20:24:01 ICT 2018 : AS/400 Alert Detected. Please see more details in Splunk following : http://splunk.aig.co.th/en-GB/app/dcs_poc_app/alert?s=%2FservicesNS%2Fadmin%2Fdcs_poc_app%2Fsaved%2Fsearches%2FAS%25252F400%2520Alert%2520Detected
Wed Jan 24 20:25:02 ICT 2018 : WebSphere Alert Detected. Please see more details in Splunk following : http://splunk.aig.co.th/en-GB/app/dcs_poc_app/alert?s=%2FservicesNS%2Fadmin%2Fdcs_poc_app%2Fsaved%2Fsearches%2FWebSphere%2520Application%2520Server%2520Alert%2520Detected
Wed Jan 24 20:30:04 ICT 2018 : AS/400 Alert Detected. Please see more details in Splunk following : http://splunk.aig.co.th/en-GB/app/dcs_poc_app/alert?s=%2FservicesNS%2Fadmin%2Fdcs_poc_app%2Fsaved%2Fsearches%2FAS%25252F400%2520Alert%2520Detected
Wed Jan 24 20:30:04 ICT 2018 : WebSphere Alert Detected. Please see more details in Splunk following : http://splunk.aig.co.th/en-GB/app/dcs_poc_app/alert?s=%2FservicesNS%2Fadmin%2Fdcs_poc_app%2Fsaved%2Fsearches%2FWebSphere%2520Application%2520Server%2520Alert%2520Detected
Wed Jan 24 20:35:03 ICT 2018 : WebSphere Alert Detected. Please see more details in Splunk following : http://splunk.aig.co.th/en-GB/app/dcs_poc_app/alert?s=%2FservicesNS%2Fadmin%2Fdcs_poc_app%2Fsaved%2Fsearches%2FWebSphere%2520Application%2520Server%2520Alert%2520Detected
Wed Jan 24 20:36:01 ICT 2018 : AS/400 Alert Detected. Please see more details in Splunk following : http://splunk.aig.co.th/en-GB/app/dcs_poc_app/alert?s=%2FservicesNS%2Fadmin%2Fdcs_poc_app%2Fsaved%2Fsearches%2FAS%25252F400%2520Alert%2520Detected
Wed Jan 24 20:40:03 ICT 2018 : WebSphere Alert Detected. Please see more details in Splunk following : http://splunk.aig.co.th/en-GB/app/dcs_poc_app/alert?s=%2FservicesNS%2Fadmin%2Fdcs_poc_app%2Fsaved%2Fsearches%2FWebSphere%2520Application%2520Server%2520Alert%2520Detected
Wed Jan 24 20:42:01 ICT 2018 : AS/400 Alert Detected. Please see more details in Splunk following : http://splunk.aig.co.th/en-GB/app/dcs_poc_app/alert?s=%2FservicesNS%2Fadmin%2Fdcs_poc_app%2Fsaved%2Fsearches%2FAS%25252F400%2520Alert%2520Detected
Wed Jan 24 20:45:03 ICT 2018 : WebSphere Alert Detected. Please see more details in Splunk following : http://splunk.aig.co.th/en-GB/app/dcs_poc_app/alert?s=%2FservicesNS%2Fadmin%2Fdcs_poc_app%2Fsaved%2Fsearches%2FWebSphere%2520Application%2520Server%2520Alert%2520Detected
Wed Jan 24 20:48:01 ICT 2018 : AS/400 Alert Detected. Please see more details in Splunk following : http://splunk.aig.co.th/en-GB/app/dcs_poc_app/alert?s=%2FservicesNS%2Fadmin%2Fdcs_poc_app%2Fsaved%2Fsearches%2FAS%25252F400%2520Alert%2520Detected
Wed Jan 24 20:50:04 ICT 2018 : WebSphere Alert Detected. Please see more details in Splunk following : http://splunk.aig.co.th/en-GB/app/dcs_poc_app/alert?s=%2FservicesNS%2Fadmin%2Fdcs_poc_app%2Fsaved%2Fsearches%2FWebSphere%2520Application%2520Server%2520Alert%2520Detected
Wed Jan 24 20:54:02 ICT 2018 : AS/400 Alert Detected. Please see more details in Splunk following : http://splunk.aig.co.th/en-GB/app/dcs_poc_app/alert?s=%2FservicesNS%2Fadmin%2Fdcs_poc_app%2Fsaved%2Fsearches%2FAS%25252F400%2520Alert%2520Detected
Wed Jan 24 20:55:03 ICT 2018 : WebSphere Alert Detected. Please see more details in Splunk following : http://splunk.aig.co.th/en-GB/app/dcs_poc_app/alert?s=%2FservicesNS%2Fadmin%2Fdcs_poc_app%2Fsaved%2Fsearches%2FWebSphere%2520Application%2520Server%2520Alert%2520Detected
Wed Jan 24 21:00:04 ICT 2018 : WebSphere Alert Detected. Please see more details in Splunk following : http://splunk.aig.co.th/en-GB/app/dcs_poc_app/alert?s=%2FservicesNS%2Fadmin%2Fdcs_poc_app%2Fsaved%2Fsearches%2FWebSphere%2520Application%2520Server%2520Alert%2520Detected
Wed Jan 24 21:00:04 ICT 2018 : AS/400 Alert Detected. Please see more details in Splunk following : http://splunk.aig.co.th/en-GB/app/dcs_poc_app/alert?s=%2FservicesNS%2Fadmin%2Fdcs_poc_app%2Fsaved%2Fsearches%2FAS%25252F400%2520Alert%2520Detected
Wed Jan 24 21:05:03 ICT 2018 : WebSphere Alert Detected. Please see more details in Splunk following : http://splunk.aig.co.th/en-GB/app/dcs_poc_app/alert?s=%2FservicesNS%2Fadmin%2Fdcs_poc_app%2Fsaved%2Fsearches%2FWebSphere%2520Application%2520Server%2520Alert%2520Detected
Wed Jan 24 21:06:01 ICT 2018 : AS/400 Alert Detected. Please see more details in Splunk following : http://splunk.aig.co.th/en-GB/app/dcs_poc_app/alert?s=%2FservicesNS%2Fadmin%2Fdcs_poc_app%2Fsaved%2Fsearches%2FAS%25252F400%2520Alert%2520Detected
Wed Jan 24 21:10:03 ICT 2018 : WebSphere Alert Detected. Please see more details in Splunk following : http://splunk.aig.co.th/en-GB/app/dcs_poc_app/alert?s=%2FservicesNS%2Fadmin%2Fdcs_poc_app%2Fsaved%2Fsearches%2FWebSphere%2520Application%2520Server%2520Alert%2520Detected
Wed Jan 24 21:12:01 ICT 2018 : AS/400 Alert Detected. Please see more details in Splunk following : http://splunk.aig.co.th/en-GB/app/dcs_poc_app/alert?s=%2FservicesNS%2Fadmin%2Fdcs_poc_app%2Fsaved%2Fsearches%2FAS%25252F400%2520Alert%2520Detected
Wed Jan 24 21:15:03 ICT 2018 : WebSphere Alert Detected. Please see more details in Splunk following : http://splunk.aig.co.th/en-GB/app/dcs_poc_app/alert?s=%2FservicesNS%2Fadmin%2Fdcs_poc_app%2Fsaved%2Fsearches%2FWebSphere%2520Application%2520Server%2520Alert%2520Detected
Wed Jan 24 21:18:01 ICT 2018 : AS/400 Alert Detected. Please see more details in Splunk following : http://splunk.aig.co.th/en-GB/app/dcs_poc_app/alert?s=%2FservicesNS%2Fadmin%2Fdcs_poc_app%2Fsaved%2Fsearches%2FAS%25252F400%2520Alert%2520Detected
Wed Jan 24 21:20:03 ICT 2018 : WebSphere Alert Detected. Please see more details in Splunk following : http://splunk.aig.co.th/en-GB/app/dcs_poc_app/alert?s=%2FservicesNS%2Fadmin%2Fdcs_poc_app%2Fsaved%2Fsearches%2FWebSphere%2520Application%2520Server%2520Alert%2520Detected
Wed Jan 24 21:24:01 ICT 2018 : AS/400 Alert Detected. Please see more details in Splunk following : http://splunk.aig.co.th/en-GB/app/dcs_poc_app/alert?s=%2FservicesNS%2Fadmin%2Fdcs_poc_app%2Fsaved%2Fsearches%2FAS%25252F400%2520Alert%2520Detected
Wed Jan 24 21:25:02 ICT 2018 : WebSphere Alert Detected. Please see more details in Splunk following : http://splunk.aig.co.th/en-GB/app/dcs_poc_app/alert?s=%2FservicesNS%2Fadmin%2Fdcs_poc_app%2Fsaved%2Fsearches%2FWebSphere%2520Application%2520Server%2520Alert%2520Detected
Wed Jan 24 21:30:04 ICT 2018 : AS/400 Alert Detected. Please see more details in Splunk following : http://splunk.aig.co.th/en-GB/app/dcs_poc_app/alert?s=%2FservicesNS%2Fadmin%2Fdcs_poc_app%2Fsaved%2Fsearches%2FAS%25252F400%2520Alert%2520Detected
Wed Jan 24 21:30:04 ICT 2018 : WebSphere Alert Detected. Please see more details in Splunk following : http://splunk.aig.co.th/en-GB/app/dcs_poc_app/alert?s=%2FservicesNS%2Fadmin%2Fdcs_poc_app%2Fsaved%2Fsearches%2FWebSphere%2520Application%2520Server%2520Alert%2520Detected
Wed Jan 24 21:35:03 ICT 2018 : WebSphere Alert Detected. Please see more details in Splunk following : http://splunk.aig.co.th/en-GB/app/dcs_poc_app/alert?s=%2FservicesNS%2Fadmin%2Fdcs_poc_app%2Fsaved%2Fsearches%2FWebSphere%2520Application%2520Server%2520Alert%2520Detected
Wed Jan 24 21:36:02 ICT 2018 : AS/400 Alert Detected. Please see more details in Splunk following : http://splunk.aig.co.th/en-GB/app/dcs_poc_app/alert?s=%2FservicesNS%2Fadmin%2Fdcs_poc_app%2Fsaved%2Fsearches%2FAS%25252F400%2520Alert%2520Detected
Wed Jan 24 21:40:04 ICT 2018 : WebSphere Alert Detected. Please see more details in Splunk following : http://splunk.aig.co.th/en-GB/app/dcs_poc_app/alert?s=%2FservicesNS%2Fadmin%2Fdcs_poc_app%2Fsaved%2Fsearches%2FWebSphere%2520Application%2520Server%2520Alert%2520Detected
Wed Jan 24 21:42:01 ICT 2018 : AS/400 Alert Detected. Please see more details in Splunk following : http://splunk.aig.co.th/en-GB/app/dcs_poc_app/alert?s=%2FservicesNS%2Fadmin%2Fdcs_poc_app%2Fsaved%2Fsearches%2FAS%25252F400%2520Alert%2520Detected
Wed Jan 24 21:45:03 ICT 2018 : WebSphere Alert Detected. Please see more details in Splunk following : http://splunk.aig.co.th/en-GB/app/dcs_poc_app/alert?s=%2FservicesNS%2Fadmin%2Fdcs_poc_app%2Fsaved%2Fsearches%2FWebSphere%2520Application%2520Server%2520Alert%2520Detected
Wed Jan 24 21:48:01 ICT 2018 : AS/400 Alert Detected. Please see more details in Splunk following : http://splunk.aig.co.th/en-GB/app/dcs_poc_app/alert?s=%2FservicesNS%2Fadmin%2Fdcs_poc_app%2Fsaved%2Fsearches%2FAS%25252F400%2520Alert%2520Detected
Wed Jan 24 21:50:03 ICT 2018 : WebSphere Alert Detected. Please see more details in Splunk following : http://splunk.aig.co.th/en-GB/app/dcs_poc_app/alert?s=%2FservicesNS%2Fadmin%2Fdcs_poc_app%2Fsaved%2Fsearches%2FWebSphere%2520Application%2520Server%2520Alert%2520Detected
Wed Jan 24 21:54:01 ICT 2018 : AS/400 Alert Detected. Please see more details in Splunk following : http://splunk.aig.co.th/en-GB/app/dcs_poc_app/alert?s=%2FservicesNS%2Fadmin%2Fdcs_poc_app%2Fsaved%2Fsearches%2FAS%25252F400%2520Alert%2520Detected
Wed Jan 24 21:55:03 ICT 2018 : WebSphere Alert Detected. Please see more details in Splunk following : http://splunk.aig.co.th/en-GB/app/dcs_poc_app/alert?s=%2FservicesNS%2Fadmin%2Fdcs_poc_app%2Fsaved%2Fsearches%2FWebSphere%2520Application%2520Server%2520Alert%2520Detected
Wed Jan 24 22:00:04 ICT 2018 : AS/400 Alert Detected. Please see more details in Splunk following : http://splunk.aig.co.th/en-GB/app/dcs_poc_app/alert?s=%2FservicesNS%2Fadmin%2Fdcs_poc_app%2Fsaved%2Fsearches%2FAS%25252F400%2520Alert%2520Detected
Wed Jan 24 22:00:05 ICT 2018 : WebSphere Alert Detected. Please see more details in Splunk following : http://splunk.aig.co.th/en-GB/app/dcs_poc_app/alert?s=%2FservicesNS%2Fadmin%2Fdcs_poc_app%2Fsaved%2Fsearches%2FWebSphere%2520Application%2520Server%2520Alert%2520Detected
Wed Jan 24 22:05:03 ICT 2018 : WebSphere Alert Detected. Please see more details in Splunk following : http://splunk.aig.co.th/en-GB/app/dcs_poc_app/alert?s=%2FservicesNS%2Fadmin%2Fdcs_poc_app%2Fsaved%2Fsearches%2FWebSphere%2520Application%2520Server%2520Alert%2520Detected
Wed Jan 24 22:06:01 ICT 2018 : AS/400 Alert Detected. Please see more details in Splunk following : http://splunk.aig.co.th/en-GB/app/dcs_poc_app/alert?s=%2FservicesNS%2Fadmin%2Fdcs_poc_app%2Fsaved%2Fsearches%2FAS%25252F400%2520Alert%2520Detected
Wed Jan 24 22:10:04 ICT 2018 : WebSphere Alert Detected. Please see more details in Splunk following : http://splunk.aig.co.th/en-GB/app/dcs_poc_app/alert?s=%2FservicesNS%2Fadmin%2Fdcs_poc_app%2Fsaved%2Fsearches%2FWebSphere%2520Application%2520Server%2520Alert%2520Detected
Wed Jan 24 22:12:01 ICT 2018 : AS/400 Alert Detected. Please see more details in Splunk following : http://splunk.aig.co.th/en-GB/app/dcs_poc_app/alert?s=%2FservicesNS%2Fadmin%2Fdcs_poc_app%2Fsaved%2Fsearches%2FAS%25252F400%2520Alert%2520Detected
Wed Jan 24 22:15:04 ICT 2018 : WebSphere Alert Detected. Please see more details in Splunk following : http://splunk.aig.co.th/en-GB/app/dcs_poc_app/alert?s=%2FservicesNS%2Fadmin%2Fdcs_poc_app%2Fsaved%2Fsearches%2FWebSphere%2520Application%2520Server%2520Alert%2520Detected
Wed Jan 24 22:18:02 ICT 2018 : AS/400 Alert Detected. Please see more details in Splunk following : http://splunk.aig.co.th/en-GB/app/dcs_poc_app/alert?s=%2FservicesNS%2Fadmin%2Fdcs_poc_app%2Fsaved%2Fsearches%2FAS%25252F400%2520Alert%2520Detected
Wed Jan 24 22:20:03 ICT 2018 : WebSphere Alert Detected. Please see more details in Splunk following : http://splunk.aig.co.th/en-GB/app/dcs_poc_app/alert?s=%2FservicesNS%2Fadmin%2Fdcs_poc_app%2Fsaved%2Fsearches%2FWebSphere%2520Application%2520Server%2520Alert%2520Detected
Wed Jan 24 22:24:01 ICT 2018 : AS/400 Alert Detected. Please see more details in Splunk following : http://splunk.aig.co.th/en-GB/app/dcs_poc_app/alert?s=%2FservicesNS%2Fadmin%2Fdcs_poc_app%2Fsaved%2Fsearches%2FAS%25252F400%2520Alert%2520Detected
Wed Jan 24 22:25:03 ICT 2018 : WebSphere Alert Detected. Please see more details in Splunk following : http://splunk.aig.co.th/en-GB/app/dcs_poc_app/alert?s=%2FservicesNS%2Fadmin%2Fdcs_poc_app%2Fsaved%2Fsearches%2FWebSphere%2520Application%2520Server%2520Alert%2520Detected
Wed Jan 24 22:30:04 ICT 2018 : AS/400 Alert Detected. Please see more details in Splunk following : http://splunk.aig.co.th/en-GB/app/dcs_poc_app/alert?s=%2FservicesNS%2Fadmin%2Fdcs_poc_app%2Fsaved%2Fsearches%2FAS%25252F400%2520Alert%2520Detected
Wed Jan 24 22:30:05 ICT 2018 : WebSphere Alert Detected. Please see more details in Splunk following : http://splunk.aig.co.th/en-GB/app/dcs_poc_app/alert?s=%2FservicesNS%2Fadmin%2Fdcs_poc_app%2Fsaved%2Fsearches%2FWebSphere%2520Application%2520Server%2520Alert%2520Detected
Wed Jan 24 22:35:03 ICT 2018 : WebSphere Alert Detected. Please see more details in Splunk following : http://splunk.aig.co.th/en-GB/app/dcs_poc_app/alert?s=%2FservicesNS%2Fadmin%2Fdcs_poc_app%2Fsaved%2Fsearches%2FWebSphere%2520Application%2520Server%2520Alert%2520Detected
Wed Jan 24 22:36:02 ICT 2018 : AS/400 Alert Detected. Please see more details in Splunk following : http://splunk.aig.co.th/en-GB/app/dcs_poc_app/alert?s=%2FservicesNS%2Fadmin%2Fdcs_poc_app%2Fsaved%2Fsearches%2FAS%25252F400%2520Alert%2520Detected
Wed Jan 24 22:40:04 ICT 2018 : WebSphere Alert Detected. Please see more details in Splunk following : http://splunk.aig.co.th/en-GB/app/dcs_poc_app/alert?s=%2FservicesNS%2Fadmin%2Fdcs_poc_app%2Fsaved%2Fsearches%2FWebSphere%2520Application%2520Server%2520Alert%2520Detected
Wed Jan 24 22:42:01 ICT 2018 : AS/400 Alert Detected. Please see more details in Splunk following : http://splunk.aig.co.th/en-GB/app/dcs_poc_app/alert?s=%2FservicesNS%2Fadmin%2Fdcs_poc_app%2Fsaved%2Fsearches%2FAS%25252F400%2520Alert%2520Detected
Wed Jan 24 22:45:02 ICT 2018 : WebSphere Alert Detected. Please see more details in Splunk following : http://splunk.aig.co.th/en-GB/app/dcs_poc_app/alert?s=%2FservicesNS%2Fadmin%2Fdcs_poc_app%2Fsaved%2Fsearches%2FWebSphere%2520Application%2520Server%2520Alert%2520Detected
Wed Jan 24 22:48:02 ICT 2018 : AS/400 Alert Detected. Please see more details in Splunk following : http://splunk.aig.co.th/en-GB/app/dcs_poc_app/alert?s=%2FservicesNS%2Fadmin%2Fdcs_poc_app%2Fsaved%2Fsearches%2FAS%25252F400%2520Alert%2520Detected
Wed Jan 24 22:50:03 ICT 2018 : WebSphere Alert Detected. Please see more details in Splunk following : http://splunk.aig.co.th/en-GB/app/dcs_poc_app/alert?s=%2FservicesNS%2Fadmin%2Fdcs_poc_app%2Fsaved%2Fsearches%2FWebSphere%2520Application%2520Server%2520Alert%2520Detected
Wed Jan 24 22:54:02 ICT 2018 : AS/400 Alert Detected. Please see more details in Splunk following : http://splunk.aig.co.th/en-GB/app/dcs_poc_app/alert?s=%2FservicesNS%2Fadmin%2Fdcs_poc_app%2Fsaved%2Fsearches%2FAS%25252F400%2520Alert%2520Detected
Wed Jan 24 22:55:03 ICT 2018 : WebSphere Alert Detected. Please see more details in Splunk following : http://splunk.aig.co.th/en-GB/app/dcs_poc_app/alert?s=%2FservicesNS%2Fadmin%2Fdcs_poc_app%2Fsaved%2Fsearches%2FWebSphere%2520Application%2520Server%2520Alert%2520Detected
Wed Jan 24 23:00:04 ICT 2018 : WebSphere Alert Detected. Please see more details in Splunk following : http://splunk.aig.co.th/en-GB/app/dcs_poc_app/alert?s=%2FservicesNS%2Fadmin%2Fdcs_poc_app%2Fsaved%2Fsearches%2FWebSphere%2520Application%2520Server%2520Alert%2520Detected
Wed Jan 24 23:00:04 ICT 2018 : AS/400 Alert Detected. Please see more details in Splunk following : http://splunk.aig.co.th/en-GB/app/dcs_poc_app/alert?s=%2FservicesNS%2Fadmin%2Fdcs_poc_app%2Fsaved%2Fsearches%2FAS%25252F400%2520Alert%2520Detected
Wed Jan 24 23:05:03 ICT 2018 : WebSphere Alert Detected. Please see more details in Splunk following : http://splunk.aig.co.th/en-GB/app/dcs_poc_app/alert?s=%2FservicesNS%2Fadmin%2Fdcs_poc_app%2Fsaved%2Fsearches%2FWebSphere%2520Application%2520Server%2520Alert%2520Detected
Wed Jan 24 23:06:01 ICT 2018 : AS/400 Alert Detected. Please see more details in Splunk following : http://splunk.aig.co.th/en-GB/app/dcs_poc_app/alert?s=%2FservicesNS%2Fadmin%2Fdcs_poc_app%2Fsaved%2Fsearches%2FAS%25252F400%2520Alert%2520Detected
Wed Jan 24 23:10:04 ICT 2018 : WebSphere Alert Detected. Please see more details in Splunk following : http://splunk.aig.co.th/en-GB/app/dcs_poc_app/alert?s=%2FservicesNS%2Fadmin%2Fdcs_poc_app%2Fsaved%2Fsearches%2FWebSphere%2520Application%2520Server%2520Alert%2520Detected
Wed Jan 24 23:12:01 ICT 2018 : AS/400 Alert Detected. Please see more details in Splunk following : http://splunk.aig.co.th/en-GB/app/dcs_poc_app/alert?s=%2FservicesNS%2Fadmin%2Fdcs_poc_app%2Fsaved%2Fsearches%2FAS%25252F400%2520Alert%2520Detected
Wed Jan 24 23:15:03 ICT 2018 : WebSphere Alert Detected. Please see more details in Splunk following : http://splunk.aig.co.th/en-GB/app/dcs_poc_app/alert?s=%2FservicesNS%2Fadmin%2Fdcs_poc_app%2Fsaved%2Fsearches%2FWebSphere%2520Application%2520Server%2520Alert%2520Detected
Wed Jan 24 23:18:01 ICT 2018 : AS/400 Alert Detected. Please see more details in Splunk following : http://splunk.aig.co.th/en-GB/app/dcs_poc_app/alert?s=%2FservicesNS%2Fadmin%2Fdcs_poc_app%2Fsaved%2Fsearches%2FAS%25252F400%2520Alert%2520Detected
Wed Jan 24 23:20:03 ICT 2018 : WebSphere Alert Detected. Please see more details in Splunk following : http://splunk.aig.co.th/en-GB/app/dcs_poc_app/alert?s=%2FservicesNS%2Fadmin%2Fdcs_poc_app%2Fsaved%2Fsearches%2FWebSphere%2520Application%2520Server%2520Alert%2520Detected
Wed Jan 24 23:24:01 ICT 2018 : AS/400 Alert Detected. Please see more details in Splunk following : http://splunk.aig.co.th/en-GB/app/dcs_poc_app/alert?s=%2FservicesNS%2Fadmin%2Fdcs_poc_app%2Fsaved%2Fsearches%2FAS%25252F400%2520Alert%2520Detected
Wed Jan 24 23:25:03 ICT 2018 : WebSphere Alert Detected. Please see more details in Splunk following : http://splunk.aig.co.th/en-GB/app/dcs_poc_app/alert?s=%2FservicesNS%2Fadmin%2Fdcs_poc_app%2Fsaved%2Fsearches%2FWebSphere%2520Application%2520Server%2520Alert%2520Detected
Wed Jan 24 23:30:04 ICT 2018 : WebSphere Alert Detected. Please see more details in Splunk following : http://splunk.aig.co.th/en-GB/app/dcs_poc_app/alert?s=%2FservicesNS%2Fadmin%2Fdcs_poc_app%2Fsaved%2Fsearches%2FWebSphere%2520Application%2520Server%2520Alert%2520Detected
Wed Jan 24 23:30:04 ICT 2018 : AS/400 Alert Detected. Please see more details in Splunk following : http://splunk.aig.co.th/en-GB/app/dcs_poc_app/alert?s=%2FservicesNS%2Fadmin%2Fdcs_poc_app%2Fsaved%2Fsearches%2FAS%25252F400%2520Alert%2520Detected
Wed Jan 24 23:35:04 ICT 2018 : WebSphere Alert Detected. Please see more details in Splunk following : http://splunk.aig.co.th/en-GB/app/dcs_poc_app/alert?s=%2FservicesNS%2Fadmin%2Fdcs_poc_app%2Fsaved%2Fsearches%2FWebSphere%2520Application%2520Server%2520Alert%2520Detected
Wed Jan 24 23:36:01 ICT 2018 : AS/400 Alert Detected. Please see more details in Splunk following : http://splunk.aig.co.th/en-GB/app/dcs_poc_app/alert?s=%2FservicesNS%2Fadmin%2Fdcs_poc_app%2Fsaved%2Fsearches%2FAS%25252F400%2520Alert%2520Detected
Wed Jan 24 23:40:04 ICT 2018 : WebSphere Alert Detected. Please see more details in Splunk following : http://splunk.aig.co.th/en-GB/app/dcs_poc_app/alert?s=%2FservicesNS%2Fadmin%2Fdcs_poc_app%2Fsaved%2Fsearches%2FWebSphere%2520Application%2520Server%2520Alert%2520Detected
Wed Jan 24 23:42:01 ICT 2018 : AS/400 Alert Detected. Please see more details in Splunk following : http://splunk.aig.co.th/en-GB/app/dcs_poc_app/alert?s=%2FservicesNS%2Fadmin%2Fdcs_poc_app%2Fsaved%2Fsearches%2FAS%25252F400%2520Alert%2520Detected
Wed Jan 24 23:45:03 ICT 2018 : WebSphere Alert Detected. Please see more details in Splunk following : http://splunk.aig.co.th/en-GB/app/dcs_poc_app/alert?s=%2FservicesNS%2Fadmin%2Fdcs_poc_app%2Fsaved%2Fsearches%2FWebSphere%2520Application%2520Server%2520Alert%2520Detected
Wed Jan 24 23:48:01 ICT 2018 : AS/400 Alert Detected. Please see more details in Splunk following : http://splunk.aig.co.th/en-GB/app/dcs_poc_app/alert?s=%2FservicesNS%2Fadmin%2Fdcs_poc_app%2Fsaved%2Fsearches%2FAS%25252F400%2520Alert%2520Detected
Wed Jan 24 23:50:03 ICT 2018 : WebSphere Alert Detected. Please see more details in Splunk following : http://splunk.aig.co.th/en-GB/app/dcs_poc_app/alert?s=%2FservicesNS%2Fadmin%2Fdcs_poc_app%2Fsaved%2Fsearches%2FWebSphere%2520Application%2520Server%2520Alert%2520Detected
Wed Jan 24 23:54:02 ICT 2018 : AS/400 Alert Detected. Please see more details in Splunk following : http://splunk.aig.co.th/en-GB/app/dcs_poc_app/alert?s=%2FservicesNS%2Fadmin%2Fdcs_poc_app%2Fsaved%2Fsearches%2FAS%25252F400%2520Alert%2520Detected
Wed Jan 24 23:55:02 ICT 2018 : WebSphere Alert Detected. Please see more details in Splunk following : http://splunk.aig.co.th/en-GB/app/dcs_poc_app/alert?s=%2FservicesNS%2Fadmin%2Fdcs_poc_app%2Fsaved%2Fsearches%2FWebSphere%2520Application%2520Server%2520Alert%2520Detected
Thu Jan 25 00:00:04 ICT 2018 : AS/400 Alert Detected. Please see more details in Splunk following : http://splunk.aig.co.th/en-GB/app/dcs_poc_app/alert?s=%2FservicesNS%2Fadmin%2Fdcs_poc_app%2Fsaved%2Fsearches%2FAS%25252F400%2520Alert%2520Detected
Thu Jan 25 00:00:04 ICT 2018 : WebSphere Alert Detected. Please see more details in Splunk following : http://splunk.aig.co.th/en-GB/app/dcs_poc_app/alert?s=%2FservicesNS%2Fadmin%2Fdcs_poc_app%2Fsaved%2Fsearches%2FWebSphere%2520Application%2520Server%2520Alert%2520Detected
Thu Jan 25 00:05:03 ICT 2018 : WebSphere Alert Detected. Please see more details in Splunk following : http://splunk.aig.co.th/en-GB/app/dcs_poc_app/alert?s=%2FservicesNS%2Fadmin%2Fdcs_poc_app%2Fsaved%2Fsearches%2FWebSphere%2520Application%2520Server%2520Alert%2520Detected
Thu Jan 25 00:06:01 ICT 2018 : AS/400 Alert Detected. Please see more details in Splunk following : http://splunk.aig.co.th/en-GB/app/dcs_poc_app/alert?s=%2FservicesNS%2Fadmin%2Fdcs_poc_app%2Fsaved%2Fsearches%2FAS%25252F400%2520Alert%2520Detected
Thu Jan 25 00:10:04 ICT 2018 : WebSphere Alert Detected. Please see more details in Splunk following : http://splunk.aig.co.th/en-GB/app/dcs_poc_app/alert?s=%2FservicesNS%2Fadmin%2Fdcs_poc_app%2Fsaved%2Fsearches%2FWebSphere%2520Application%2520Server%2520Alert%2520Detected
Thu Jan 25 00:12:02 ICT 2018 : AS/400 Alert Detected. Please see more details in Splunk following : http://splunk.aig.co.th/en-GB/app/dcs_poc_app/alert?s=%2FservicesNS%2Fadmin%2Fdcs_poc_app%2Fsaved%2Fsearches%2FAS%25252F400%2520Alert%2520Detected
Thu Jan 25 00:15:03 ICT 2018 : WebSphere Alert Detected. Please see more details in Splunk following : http://splunk.aig.co.th/en-GB/app/dcs_poc_app/alert?s=%2FservicesNS%2Fadmin%2Fdcs_poc_app%2Fsaved%2Fsearches%2FWebSphere%2520Application%2520Server%2520Alert%2520Detected
Thu Jan 25 00:18:01 ICT 2018 : AS/400 Alert Detected. Please see more details in Splunk following : http://splunk.aig.co.th/en-GB/app/dcs_poc_app/alert?s=%2FservicesNS%2Fadmin%2Fdcs_poc_app%2Fsaved%2Fsearches%2FAS%25252F400%2520Alert%2520Detected
Thu Jan 25 00:20:03 ICT 2018 : WebSphere Alert Detected. Please see more details in Splunk following : http://splunk.aig.co.th/en-GB/app/dcs_poc_app/alert?s=%2FservicesNS%2Fadmin%2Fdcs_poc_app%2Fsaved%2Fsearches%2FWebSphere%2520Application%2520Server%2520Alert%2520Detected
Thu Jan 25 00:24:01 ICT 2018 : AS/400 Alert Detected. Please see more details in Splunk following : http://splunk.aig.co.th/en-GB/app/dcs_poc_app/alert?s=%2FservicesNS%2Fadmin%2Fdcs_poc_app%2Fsaved%2Fsearches%2FAS%25252F400%2520Alert%2520Detected
Thu Jan 25 00:25:03 ICT 2018 : WebSphere Alert Detected. Please see more details in Splunk following : http://splunk.aig.co.th/en-GB/app/dcs_poc_app/alert?s=%2FservicesNS%2Fadmin%2Fdcs_poc_app%2Fsaved%2Fsearches%2FWebSphere%2520Application%2520Server%2520Alert%2520Detected
Thu Jan 25 00:30:04 ICT 2018 : WebSphere Alert Detected. Please see more details in Splunk following : http://splunk.aig.co.th/en-GB/app/dcs_poc_app/alert?s=%2FservicesNS%2Fadmin%2Fdcs_poc_app%2Fsaved%2Fsearches%2FWebSphere%2520Application%2520Server%2520Alert%2520Detected
Thu Jan 25 00:30:04 ICT 2018 : AS/400 Alert Detected. Please see more details in Splunk following : http://splunk.aig.co.th/en-GB/app/dcs_poc_app/alert?s=%2FservicesNS%2Fadmin%2Fdcs_poc_app%2Fsaved%2Fsearches%2FAS%25252F400%2520Alert%2520Detected
Thu Jan 25 00:35:03 ICT 2018 : WebSphere Alert Detected. Please see more details in Splunk following : http://splunk.aig.co.th/en-GB/app/dcs_poc_app/alert?s=%2FservicesNS%2Fadmin%2Fdcs_poc_app%2Fsaved%2Fsearches%2FWebSphere%2520Application%2520Server%2520Alert%2520Detected
Thu Jan 25 00:36:01 ICT 2018 : AS/400 Alert Detected. Please see more details in Splunk following : http://splunk.aig.co.th/en-GB/app/dcs_poc_app/alert?s=%2FservicesNS%2Fadmin%2Fdcs_poc_app%2Fsaved%2Fsearches%2FAS%25252F400%2520Alert%2520Detected
Thu Jan 25 00:40:04 ICT 2018 : WebSphere Alert Detected. Please see more details in Splunk following : http://splunk.aig.co.th/en-GB/app/dcs_poc_app/alert?s=%2FservicesNS%2Fadmin%2Fdcs_poc_app%2Fsaved%2Fsearches%2FWebSphere%2520Application%2520Server%2520Alert%2520Detected
Thu Jan 25 00:42:01 ICT 2018 : AS/400 Alert Detected. Please see more details in Splunk following : http://splunk.aig.co.th/en-GB/app/dcs_poc_app/alert?s=%2FservicesNS%2Fadmin%2Fdcs_poc_app%2Fsaved%2Fsearches%2FAS%25252F400%2520Alert%2520Detected
Thu Jan 25 00:45:03 ICT 2018 : WebSphere Alert Detected. Please see more details in Splunk following : http://splunk.aig.co.th/en-GB/app/dcs_poc_app/alert?s=%2FservicesNS%2Fadmin%2Fdcs_poc_app%2Fsaved%2Fsearches%2FWebSphere%2520Application%2520Server%2520Alert%2520Detected
Thu Jan 25 00:48:02 ICT 2018 : AS/400 Alert Detected. Please see more details in Splunk following : http://splunk.aig.co.th/en-GB/app/dcs_poc_app/alert?s=%2FservicesNS%2Fadmin%2Fdcs_poc_app%2Fsaved%2Fsearches%2FAS%25252F400%2520Alert%2520Detected
Thu Jan 25 00:50:04 ICT 2018 : WebSphere Alert Detected. Please see more details in Splunk following : http://splunk.aig.co.th/en-GB/app/dcs_poc_app/alert?s=%2FservicesNS%2Fadmin%2Fdcs_poc_app%2Fsaved%2Fsearches%2FWebSphere%2520Application%2520Server%2520Alert%2520Detected
Thu Jan 25 00:54:01 ICT 2018 : AS/400 Alert Detected. Please see more details in Splunk following : http://splunk.aig.co.th/en-GB/app/dcs_poc_app/alert?s=%2FservicesNS%2Fadmin%2Fdcs_poc_app%2Fsaved%2Fsearches%2FAS%25252F400%2520Alert%2520Detected
Thu Jan 25 00:55:02 ICT 2018 : WebSphere Alert Detected. Please see more details in Splunk following : http://splunk.aig.co.th/en-GB/app/dcs_poc_app/alert?s=%2FservicesNS%2Fadmin%2Fdcs_poc_app%2Fsaved%2Fsearches%2FWebSphere%2520Application%2520Server%2520Alert%2520Detected
Thu Jan 25 01:00:04 ICT 2018 : WebSphere Alert Detected. Please see more details in Splunk following : http://splunk.aig.co.th/en-GB/app/dcs_poc_app/alert?s=%2FservicesNS%2Fadmin%2Fdcs_poc_app%2Fsaved%2Fsearches%2FWebSphere%2520Application%2520Server%2520Alert%2520Detected
Thu Jan 25 01:00:04 ICT 2018 : AS/400 Alert Detected. Please see more details in Splunk following : http://splunk.aig.co.th/en-GB/app/dcs_poc_app/alert?s=%2FservicesNS%2Fadmin%2Fdcs_poc_app%2Fsaved%2Fsearches%2FAS%25252F400%2520Alert%2520Detected
Thu Jan 25 01:05:03 ICT 2018 : WebSphere Alert Detected. Please see more details in Splunk following : http://splunk.aig.co.th/en-GB/app/dcs_poc_app/alert?s=%2FservicesNS%2Fadmin%2Fdcs_poc_app%2Fsaved%2Fsearches%2FWebSphere%2520Application%2520Server%2520Alert%2520Detected
Thu Jan 25 01:06:02 ICT 2018 : AS/400 Alert Detected. Please see more details in Splunk following : http://splunk.aig.co.th/en-GB/app/dcs_poc_app/alert?s=%2FservicesNS%2Fadmin%2Fdcs_poc_app%2Fsaved%2Fsearches%2FAS%25252F400%2520Alert%2520Detected
Thu Jan 25 01:10:03 ICT 2018 : WebSphere Alert Detected. Please see more details in Splunk following : http://splunk.aig.co.th/en-GB/app/dcs_poc_app/alert?s=%2FservicesNS%2Fadmin%2Fdcs_poc_app%2Fsaved%2Fsearches%2FWebSphere%2520Application%2520Server%2520Alert%2520Detected
Thu Jan 25 01:12:01 ICT 2018 : AS/400 Alert Detected. Please see more details in Splunk following : http://splunk.aig.co.th/en-GB/app/dcs_poc_app/alert?s=%2FservicesNS%2Fadmin%2Fdcs_poc_app%2Fsaved%2Fsearches%2FAS%25252F400%2520Alert%2520Detected
Thu Jan 25 01:15:03 ICT 2018 : WebSphere Alert Detected. Please see more details in Splunk following : http://splunk.aig.co.th/en-GB/app/dcs_poc_app/alert?s=%2FservicesNS%2Fadmin%2Fdcs_poc_app%2Fsaved%2Fsearches%2FWebSphere%2520Application%2520Server%2520Alert%2520Detected
Thu Jan 25 01:18:01 ICT 2018 : AS/400 Alert Detected. Please see more details in Splunk following : http://splunk.aig.co.th/en-GB/app/dcs_poc_app/alert?s=%2FservicesNS%2Fadmin%2Fdcs_poc_app%2Fsaved%2Fsearches%2FAS%25252F400%2520Alert%2520Detected
Thu Jan 25 01:20:03 ICT 2018 : WebSphere Alert Detected. Please see more details in Splunk following : http://splunk.aig.co.th/en-GB/app/dcs_poc_app/alert?s=%2FservicesNS%2Fadmin%2Fdcs_poc_app%2Fsaved%2Fsearches%2FWebSphere%2520Application%2520Server%2520Alert%2520Detected
Thu Jan 25 01:24:02 ICT 2018 : AS/400 Alert Detected. Please see more details in Splunk following : http://splunk.aig.co.th/en-GB/app/dcs_poc_app/alert?s=%2FservicesNS%2Fadmin%2Fdcs_poc_app%2Fsaved%2Fsearches%2FAS%25252F400%2520Alert%2520Detected
Thu Jan 25 01:25:03 ICT 2018 : WebSphere Alert Detected. Please see more details in Splunk following : http://splunk.aig.co.th/en-GB/app/dcs_poc_app/alert?s=%2FservicesNS%2Fadmin%2Fdcs_poc_app%2Fsaved%2Fsearches%2FWebSphere%2520Application%2520Server%2520Alert%2520Detected
Thu Jan 25 01:30:04 ICT 2018 : AS/400 Alert Detected. Please see more details in Splunk following : http://splunk.aig.co.th/en-GB/app/dcs_poc_app/alert?s=%2FservicesNS%2Fadmin%2Fdcs_poc_app%2Fsaved%2Fsearches%2FAS%25252F400%2520Alert%2520Detected
Thu Jan 25 01:30:05 ICT 2018 : WebSphere Alert Detected. Please see more details in Splunk following : http://splunk.aig.co.th/en-GB/app/dcs_poc_app/alert?s=%2FservicesNS%2Fadmin%2Fdcs_poc_app%2Fsaved%2Fsearches%2FWebSphere%2520Application%2520Server%2520Alert%2520Detected
Thu Jan 25 01:35:03 ICT 2018 : WebSphere Alert Detected. Please see more details in Splunk following : http://splunk.aig.co.th/en-GB/app/dcs_poc_app/alert?s=%2FservicesNS%2Fadmin%2Fdcs_poc_app%2Fsaved%2Fsearches%2FWebSphere%2520Application%2520Server%2520Alert%2520Detected
Thu Jan 25 01:36:01 ICT 2018 : AS/400 Alert Detected. Please see more details in Splunk following : http://splunk.aig.co.th/en-GB/app/dcs_poc_app/alert?s=%2FservicesNS%2Fadmin%2Fdcs_poc_app%2Fsaved%2Fsearches%2FAS%25252F400%2520Alert%2520Detected
Thu Jan 25 01:40:04 ICT 2018 : WebSphere Alert Detected. Please see more details in Splunk following : http://splunk.aig.co.th/en-GB/app/dcs_poc_app/alert?s=%2FservicesNS%2Fadmin%2Fdcs_poc_app%2Fsaved%2Fsearches%2FWebSphere%2520Application%2520Server%2520Alert%2520Detected
Thu Jan 25 01:42:01 ICT 2018 : AS/400 Alert Detected. Please see more details in Splunk following : http://splunk.aig.co.th/en-GB/app/dcs_poc_app/alert?s=%2FservicesNS%2Fadmin%2Fdcs_poc_app%2Fsaved%2Fsearches%2FAS%25252F400%2520Alert%2520Detected
Thu Jan 25 01:45:03 ICT 2018 : WebSphere Alert Detected. Please see more details in Splunk following : http://splunk.aig.co.th/en-GB/app/dcs_poc_app/alert?s=%2FservicesNS%2Fadmin%2Fdcs_poc_app%2Fsaved%2Fsearches%2FWebSphere%2520Application%2520Server%2520Alert%2520Detected
Thu Jan 25 01:48:01 ICT 2018 : AS/400 Alert Detected. Please see more details in Splunk following : http://splunk.aig.co.th/en-GB/app/dcs_poc_app/alert?s=%2FservicesNS%2Fadmin%2Fdcs_poc_app%2Fsaved%2Fsearches%2FAS%25252F400%2520Alert%2520Detected
Thu Jan 25 01:50:03 ICT 2018 : WebSphere Alert Detected. Please see more details in Splunk following : http://splunk.aig.co.th/en-GB/app/dcs_poc_app/alert?s=%2FservicesNS%2Fadmin%2Fdcs_poc_app%2Fsaved%2Fsearches%2FWebSphere%2520Application%2520Server%2520Alert%2520Detected
Thu Jan 25 01:54:01 ICT 2018 : AS/400 Alert Detected. Please see more details in Splunk following : http://splunk.aig.co.th/en-GB/app/dcs_poc_app/alert?s=%2FservicesNS%2Fadmin%2Fdcs_poc_app%2Fsaved%2Fsearches%2FAS%25252F400%2520Alert%2520Detected
Thu Jan 25 01:55:03 ICT 2018 : WebSphere Alert Detected. Please see more details in Splunk following : http://splunk.aig.co.th/en-GB/app/dcs_poc_app/alert?s=%2FservicesNS%2Fadmin%2Fdcs_poc_app%2Fsaved%2Fsearches%2FWebSphere%2520Application%2520Server%2520Alert%2520Detected
Thu Jan 25 02:00:04 ICT 2018 : AS/400 Alert Detected. Please see more details in Splunk following : http://splunk.aig.co.th/en-GB/app/dcs_poc_app/alert?s=%2FservicesNS%2Fadmin%2Fdcs_poc_app%2Fsaved%2Fsearches%2FAS%25252F400%2520Alert%2520Detected
Thu Jan 25 02:00:04 ICT 2018 : WebSphere Alert Detected. Please see more details in Splunk following : http://splunk.aig.co.th/en-GB/app/dcs_poc_app/alert?s=%2FservicesNS%2Fadmin%2Fdcs_poc_app%2Fsaved%2Fsearches%2FWebSphere%2520Application%2520Server%2520Alert%2520Detected
Thu Jan 25 02:05:03 ICT 2018 : WebSphere Alert Detected. Please see more details in Splunk following : http://splunk.aig.co.th/en-GB/app/dcs_poc_app/alert?s=%2FservicesNS%2Fadmin%2Fdcs_poc_app%2Fsaved%2Fsearches%2FWebSphere%2520Application%2520Server%2520Alert%2520Detected
Thu Jan 25 02:06:01 ICT 2018 : AS/400 Alert Detected. Please see more details in Splunk following : http://splunk.aig.co.th/en-GB/app/dcs_poc_app/alert?s=%2FservicesNS%2Fadmin%2Fdcs_poc_app%2Fsaved%2Fsearches%2FAS%25252F400%2520Alert%2520Detected
Thu Jan 25 02:10:03 ICT 2018 : WebSphere Alert Detected. Please see more details in Splunk following : http://splunk.aig.co.th/en-GB/app/dcs_poc_app/alert?s=%2FservicesNS%2Fadmin%2Fdcs_poc_app%2Fsaved%2Fsearches%2FWebSphere%2520Application%2520Server%2520Alert%2520Detected
Thu Jan 25 02:12:01 ICT 2018 : AS/400 Alert Detected. Please see more details in Splunk following : http://splunk.aig.co.th/en-GB/app/dcs_poc_app/alert?s=%2FservicesNS%2Fadmin%2Fdcs_poc_app%2Fsaved%2Fsearches%2FAS%25252F400%2520Alert%2520Detected
Thu Jan 25 02:15:02 ICT 2018 : WebSphere Alert Detected. Please see more details in Splunk following : http://splunk.aig.co.th/en-GB/app/dcs_poc_app/alert?s=%2FservicesNS%2Fadmin%2Fdcs_poc_app%2Fsaved%2Fsearches%2FWebSphere%2520Application%2520Server%2520Alert%2520Detected
Thu Jan 25 02:18:01 ICT 2018 : AS/400 Alert Detected. Please see more details in Splunk following : http://splunk.aig.co.th/en-GB/app/dcs_poc_app/alert?s=%2FservicesNS%2Fadmin%2Fdcs_poc_app%2Fsaved%2Fsearches%2FAS%25252F400%2520Alert%2520Detected
Thu Jan 25 02:20:04 ICT 2018 : WebSphere Alert Detected. Please see more details in Splunk following : http://splunk.aig.co.th/en-GB/app/dcs_poc_app/alert?s=%2FservicesNS%2Fadmin%2Fdcs_poc_app%2Fsaved%2Fsearches%2FWebSphere%2520Application%2520Server%2520Alert%2520Detected
Thu Jan 25 02:24:01 ICT 2018 : AS/400 Alert Detected. Please see more details in Splunk following : http://splunk.aig.co.th/en-GB/app/dcs_poc_app/alert?s=%2FservicesNS%2Fadmin%2Fdcs_poc_app%2Fsaved%2Fsearches%2FAS%25252F400%2520Alert%2520Detected
Thu Jan 25 02:25:02 ICT 2018 : WebSphere Alert Detected. Please see more details in Splunk following : http://splunk.aig.co.th/en-GB/app/dcs_poc_app/alert?s=%2FservicesNS%2Fadmin%2Fdcs_poc_app%2Fsaved%2Fsearches%2FWebSphere%2520Application%2520Server%2520Alert%2520Detected
Thu Jan 25 02:30:04 ICT 2018 : AS/400 Alert Detected. Please see more details in Splunk following : http://splunk.aig.co.th/en-GB/app/dcs_poc_app/alert?s=%2FservicesNS%2Fadmin%2Fdcs_poc_app%2Fsaved%2Fsearches%2FAS%25252F400%2520Alert%2520Detected
Thu Jan 25 02:30:05 ICT 2018 : WebSphere Alert Detected. Please see more details in Splunk following : http://splunk.aig.co.th/en-GB/app/dcs_poc_app/alert?s=%2FservicesNS%2Fadmin%2Fdcs_poc_app%2Fsaved%2Fsearches%2FWebSphere%2520Application%2520Server%2520Alert%2520Detected
Thu Jan 25 02:35:03 ICT 2018 : WebSphere Alert Detected. Please see more details in Splunk following : http://splunk.aig.co.th/en-GB/app/dcs_poc_app/alert?s=%2FservicesNS%2Fadmin%2Fdcs_poc_app%2Fsaved%2Fsearches%2FWebSphere%2520Application%2520Server%2520Alert%2520Detected
Thu Jan 25 02:36:02 ICT 2018 : AS/400 Alert Detected. Please see more details in Splunk following : http://splunk.aig.co.th/en-GB/app/dcs_poc_app/alert?s=%2FservicesNS%2Fadmin%2Fdcs_poc_app%2Fsaved%2Fsearches%2FAS%25252F400%2520Alert%2520Detected
Thu Jan 25 02:40:04 ICT 2018 : WebSphere Alert Detected. Please see more details in Splunk following : http://splunk.aig.co.th/en-GB/app/dcs_poc_app/alert?s=%2FservicesNS%2Fadmin%2Fdcs_poc_app%2Fsaved%2Fsearches%2FWebSphere%2520Application%2520Server%2520Alert%2520Detected
Thu Jan 25 02:42:01 ICT 2018 : AS/400 Alert Detected. Please see more details in Splunk following : http://splunk.aig.co.th/en-GB/app/dcs_poc_app/alert?s=%2FservicesNS%2Fadmin%2Fdcs_poc_app%2Fsaved%2Fsearches%2FAS%25252F400%2520Alert%2520Detected
Thu Jan 25 02:45:03 ICT 2018 : WebSphere Alert Detected. Please see more details in Splunk following : http://splunk.aig.co.th/en-GB/app/dcs_poc_app/alert?s=%2FservicesNS%2Fadmin%2Fdcs_poc_app%2Fsaved%2Fsearches%2FWebSphere%2520Application%2520Server%2520Alert%2520Detected
